<?xml version="1.0" encoding="UTF-8"?>
<coverage generated="1736236034857" clover="3.2.0">
  <project timestamp="1736236034857" name="All files">
    <metrics statements="40" coveredstatements="36" conditionals="5" coveredconditionals="4" methods="13" coveredmethods="10" elements="58" coveredelements="50" complexity="0" loc="40" ncloc="40" packages="3" files="3" classes="3"/>
    <package name="backend.services">
      <metrics statements="34" coveredstatements="32" conditionals="5" coveredconditionals="4" methods="10" coveredmethods="9"/>
      <file name="queueService.ts" path="/Users/dmieloch/Dev/singularityApps/vscode-extensions/ai-pack/src/backend/services/queueService.ts">
        <metrics statements="34" coveredstatements="32" conditionals="5" coveredconditionals="4" methods="10" coveredmethods="9"/>
        <line num="1" count="2" type="stmt"/>
        <line num="2" count="2" type="stmt"/>
        <line num="15" count="2" type="stmt"/>
        <line num="16" count="16" type="stmt"/>
        <line num="17" count="16" type="stmt"/>
        <line num="23" count="10" type="stmt"/>
        <line num="24" count="10" type="stmt"/>
        <line num="32" count="12" type="stmt"/>
        <line num="33" count="12" type="stmt"/>
        <line num="34" count="12" type="stmt"/>
        <line num="35" count="12" type="stmt"/>
        <line num="37" count="12" type="stmt"/>
        <line num="44" count="12" type="stmt"/>
        <line num="46" count="12" type="stmt"/>
        <line num="47" count="84" type="cond" truecount="1" falsecount="0"/>
        <line num="51" count="2" type="stmt"/>
        <line num="52" count="2" type="stmt"/>
        <line num="55" count="82" type="stmt"/>
        <line num="56" count="620" type="stmt"/>
        <line num="58" count="80" type="stmt"/>
        <line num="60" count="80" type="stmt"/>
        <line num="61" count="80" type="stmt"/>
        <line num="62" count="80" type="stmt"/>
        <line num="68" count="80" type="cond" truecount="0" falsecount="1"/>
        <line num="69" count="0" type="stmt"/>
        <line num="70" count="0" type="stmt"/>
        <line num="77" count="10" type="stmt"/>
        <line num="81" count="12" type="stmt"/>
        <line num="82" count="12" type="stmt"/>
        <line num="83" count="120" type="stmt"/>
        <line num="85" count="12" type="stmt"/>
        <line num="89" count="2" type="stmt"/>
        <line num="90" count="2" type="stmt"/>
        <line num="94" count="4" type="stmt"/>
      </file>
    </package>
    <package name="shared">
      <metrics statements="4" coveredstatements="2" conditionals="0" coveredconditionals="0" methods="3" coveredmethods="1"/>
      <file name="logger.ts" path="/Users/dmieloch/Dev/singularityApps/vscode-extensions/ai-pack/src/shared/logger.ts">
        <metrics statements="4" coveredstatements="2" conditionals="0" coveredconditionals="0" methods="3" coveredmethods="1"/>
        <line num="2" count="2" type="stmt"/>
        <line num="4" count="2" type="stmt"/>
        <line num="7" count="0" type="stmt"/>
        <line num="10" count="0" type="stmt"/>
      </file>
    </package>
    <package name="test">
      <metrics statements="2" coveredstatements="2" conditionals="0" coveredconditionals="0" methods="0" coveredmethods="0"/>
      <file name="vscode.mock.ts" path="/Users/dmieloch/Dev/singularityApps/vscode-extensions/ai-pack/src/test/vscode.mock.ts">
        <metrics statements="2" coveredstatements="2" conditionals="0" coveredconditionals="0" methods="0" coveredmethods="0"/>
        <line num="1" count="1" type="stmt"/>
        <line num="13" count="1" type="stmt"/>
      </file>
    </package>
  </project>
</coverage>
