{"/Users/dmieloch/Dev/singularityApps/vscode-extensions/ai-pack/src/backend/services/queueService.ts": {"path":"/Users/dmieloch/Dev/singularityApps/vscode-extensions/ai-pack/src/backend/services/queueService.ts","statementMap":{"0":{"start":{"line":1,"column":0},"end":{"line":1,"column":33}},"1":{"start":{"line":2,"column":0},"end":{"line":2,"column":45}},"2":{"start":{"line":16,"column":10},"end":{"line":16,"column":43}},"3":{"start":{"line":17,"column":10},"end":{"line":17,"column":31}},"4":{"start":{"line":23,"column":4},"end":{"line":23,"column":46}},"5":{"start":{"line":24,"column":4},"end":{"line":24,"column":55}},"6":{"start":{"line":24,"column":30},"end":{"line":24,"column":53}},"7":{"start":{"line":32,"column":25},"end":{"line":32,"column":27}},"8":{"start":{"line":33,"column":19},"end":{"line":33,"column":60}},"9":{"start":{"line":34,"column":25},"end":{"line":34,"column":26}},"10":{"start":{"line":35,"column":23},"end":{"line":35,"column":35}},"11":{"start":{"line":37,"column":4},"end":{"line":75,"column":6}},"12":{"start":{"line":44,"column":8},"end":{"line":44,"column":40}},"13":{"start":{"line":46,"column":8},"end":{"line":73,"column":9}},"14":{"start":{"line":47,"column":10},"end":{"line":53,"column":11}},"15":{"start":{"line":51,"column":12},"end":{"line":51,"column":56}},"16":{"start":{"line":52,"column":12},"end":{"line":52,"column":18}},"17":{"start":{"line":55,"column":31},"end":{"line":56,"column":null}},"18":{"start":{"line":56,"column":32},"end":{"line":56,"column":47}},"19":{"start":{"line":58,"column":10},"end":{"line":58,"column":40}},"20":{"start":{"line":60,"column":10},"end":{"line":60,"column":41}},"21":{"start":{"line":61,"column":28},"end":{"line":61,"column":61}},"22":{"start":{"line":62,"column":10},"end":{"line":65,"column":13}},"23":{"start":{"line":68,"column":10},"end":{"line":72,"column":11}},"24":{"start":{"line":69,"column":12},"end":{"line":71,"column":14}},"25":{"start":{"line":70,"column":14},"end":{"line":70,"column":61}},"26":{"start":{"line":77,"column":4},"end":{"line":77,"column":19}},"27":{"start":{"line":81,"column":26},"end":{"line":81,"column":28}},"28":{"start":{"line":82,"column":4},"end":{"line":84,"column":5}},"29":{"start":{"line":82,"column":17},"end":{"line":82,"column":18}},"30":{"start":{"line":83,"column":6},"end":{"line":83,"column":44}},"31":{"start":{"line":85,"column":4},"end":{"line":85,"column":18}},"32":{"start":{"line":89,"column":4},"end":{"line":89,"column":20}},"33":{"start":{"line":90,"column":4},"end":{"line":90,"column":30}},"34":{"start":{"line":94,"column":4},"end":{"line":94,"column":29}},"35":{"start":{"line":15,"column":0},"end":{"line":15,"column":13}}},"fnMap":{"0":{"name":"(anonymous_6)","decl":{"start":{"line":15,"column":0},"end":{"line":15,"column":13}},"loc":{"start":{"line":15,"column":0},"end":{"line":96,"column":1}}},"1":{"name":"(anonymous_7)","decl":{"start":{"line":22,"column":2},"end":{"line":22,"column":7}},"loc":{"start":{"line":22,"column":48},"end":{"line":25,"column":3}}},"2":{"name":"(anonymous_8)","decl":{"start":{"line":24,"column":20},"end":{"line":24,"column":21}},"loc":{"start":{"line":24,"column":30},"end":{"line":24,"column":53}}},"3":{"name":"(anonymous_9)","decl":{"start":{"line":27,"column":2},"end":{"line":27,"column":7}},"loc":{"start":{"line":30,"column":30},"end":{"line":78,"column":3}}},"4":{"name":"(anonymous_10)","decl":{"start":{"line":43,"column":6},"end":{"line":43,"column":11}},"loc":{"start":{"line":43,"column":32},"end":{"line":74,"column":7}}},"5":{"name":"(anonymous_11)","decl":{"start":{"line":56,"column":22},"end":{"line":56,"column":23}},"loc":{"start":{"line":56,"column":32},"end":{"line":56,"column":47}}},"6":{"name":"(anonymous_12)","decl":{"start":{"line":69,"column":30},"end":{"line":69,"column":31}},"loc":{"start":{"line":70,"column":14},"end":{"line":70,"column":61}}},"7":{"name":"(anonymous_13)","decl":{"start":{"line":80,"column":10},"end":{"line":80,"column":20}},"loc":{"start":{"line":80,"column":48},"end":{"line":86,"column":3}}},"8":{"name":"(anonymous_14)","decl":{"start":{"line":88,"column":2},"end":{"line":88,"column":12}},"loc":{"start":{"line":88,"column":12},"end":{"line":91,"column":3}}},"9":{"name":"(anonymous_15)","decl":{"start":{"line":93,"column":2},"end":{"line":93,"column":6}},"loc":{"start":{"line":93,"column":22},"end":{"line":95,"column":3}}}},"branchMap":{"0":{"loc":{"start":{"line":22,"column":28},"end":{"line":22,"column":48}},"type":"default-arg","locations":[{"start":{"line":22,"column":47},"end":{"line":22,"column":48}}]},"1":{"loc":{"start":{"line":47,"column":10},"end":{"line":53,"column":11}},"type":"if","locations":[{"start":{"line":47,"column":10},"end":{"line":53,"column":11}}]},"2":{"loc":{"start":{"line":48,"column":12},"end":{"line":49,"column":56}},"type":"binary-expr","locations":[{"start":{"line":48,"column":12},"end":{"line":48,"column":41}},{"start":{"line":49,"column":12},"end":{"line":49,"column":56}}]},"3":{"loc":{"start":{"line":68,"column":10},"end":{"line":72,"column":11}},"type":"if","locations":[{"start":{"line":68,"column":10},"end":{"line":72,"column":11}}]}},"s":{"0":2,"1":2,"2":16,"3":16,"4":10,"5":10,"6":8,"7":12,"8":12,"9":12,"10":12,"11":12,"12":12,"13":12,"14":84,"15":2,"16":2,"17":82,"18":620,"19":80,"20":80,"21":80,"22":80,"23":80,"24":0,"25":0,"26":10,"27":12,"28":12,"29":12,"30":120,"31":12,"32":2,"33":2,"34":4,"35":2},"f":{"0":16,"1":10,"2":8,"3":12,"4":12,"5":620,"6":0,"7":12,"8":2,"9":4},"b":{"0":[4],"1":[2],"2":[84,84],"3":[0]}}
,"/Users/dmieloch/Dev/singularityApps/vscode-extensions/ai-pack/src/shared/logger.ts": {"path":"/Users/dmieloch/Dev/singularityApps/vscode-extensions/ai-pack/src/shared/logger.ts","statementMap":{"0":{"start":{"line":2,"column":13},"end":{"line":12,"column":2}},"1":{"start":{"line":4,"column":4},"end":{"line":4,"column":46}},"2":{"start":{"line":7,"column":4},"end":{"line":7,"column":49}},"3":{"start":{"line":10,"column":4},"end":{"line":10,"column":47}}},"fnMap":{"0":{"name":"(anonymous_0)","decl":{"start":{"line":3,"column":8},"end":{"line":3,"column":9}},"loc":{"start":{"line":3,"column":44},"end":{"line":5,"column":3}}},"1":{"name":"(anonymous_1)","decl":{"start":{"line":6,"column":9},"end":{"line":6,"column":10}},"loc":{"start":{"line":6,"column":45},"end":{"line":8,"column":3}}},"2":{"name":"(anonymous_2)","decl":{"start":{"line":9,"column":8},"end":{"line":9,"column":9}},"loc":{"start":{"line":9,"column":44},"end":{"line":11,"column":3}}}},"branchMap":{},"s":{"0":2,"1":2,"2":0,"3":0},"f":{"0":2,"1":0,"2":0},"b":{}}
,"/Users/dmieloch/Dev/singularityApps/vscode-extensions/ai-pack/src/test/vscode.mock.ts": {"path":"/Users/dmieloch/Dev/singularityApps/vscode-extensions/ai-pack/src/test/vscode.mock.ts","statementMap":{"0":{"start":{"line":1,"column":15},"end":{"line":11,"column":2}},"1":{"start":{"line":13,"column":0},"end":{"line":13,"column":16}}},"fnMap":{},"branchMap":{},"s":{"0":1,"1":1},"f":{},"b":{}}
}
