TN:
SF:src/backend/services/queueService.ts
FN:15,(anonymous_6)
FN:22,(anonymous_7)
FN:24,(anonymous_8)
FN:27,(anonymous_9)
FN:43,(anonymous_10)
FN:56,(anonymous_11)
FN:69,(anonymous_12)
FN:80,(anonymous_13)
FN:88,(anonymous_14)
FN:93,(anonymous_15)
FNF:10
FNH:9
FNDA:16,(anonymous_6)
FNDA:10,(anonymous_7)
FNDA:8,(anonymous_8)
FNDA:12,(anonymous_9)
FNDA:12,(anonymous_10)
FNDA:620,(anonymous_11)
FNDA:0,(anonymous_12)
FNDA:12,(anonymous_13)
FNDA:2,(anonymous_14)
FNDA:4,(anonymous_15)
DA:1,2
DA:2,2
DA:15,2
DA:16,16
DA:17,16
DA:23,10
DA:24,10
DA:32,12
DA:33,12
DA:34,12
DA:35,12
DA:37,12
DA:44,12
DA:46,12
DA:47,84
DA:51,2
DA:52,2
DA:55,82
DA:56,620
DA:58,80
DA:60,80
DA:61,80
DA:62,80
DA:68,80
DA:69,0
DA:70,0
DA:77,10
DA:81,12
DA:82,12
DA:83,120
DA:85,12
DA:89,2
DA:90,2
DA:94,4
LF:34
LH:32
BRDA:22,0,0,4
BRDA:47,1,0,2
BRDA:48,2,0,84
BRDA:48,2,1,84
BRDA:68,3,0,0
BRF:5
BRH:4
end_of_record
TN:
SF:src/shared/logger.ts
FN:3,(anonymous_0)
FN:6,(anonymous_1)
FN:9,(anonymous_2)
FNF:3
FNH:1
FNDA:2,(anonymous_0)
FNDA:0,(anonymous_1)
FNDA:0,(anonymous_2)
DA:2,2
DA:4,2
DA:7,0
DA:10,0
LF:4
LH:2
BRF:0
BRH:0
end_of_record
TN:
SF:src/test/vscode.mock.ts
FNF:0
FNH:0
DA:1,1
DA:13,1
LF:2
LH:2
BRF:0
BRH:0
end_of_record
